Determining if the pthread_create exist failed with the following output:
Change Dir: /home/hmx/ws_catkin/src/imu_image/build/CMakeFiles/CMakeTmp

Run Build Command:/usr/bin/make "cmTryCompileExec3071110468/fast"
/usr/bin/make -f CMakeFiles/cmTryCompileExec3071110468.dir/build.make CMakeFiles/cmTryCompileExec3071110468.dir/build
make[1]: Entering directory `/home/hmx/ws_catkin/src/imu_image/build/CMakeFiles/CMakeTmp'
/usr/bin/cmake -E cmake_progress_report /home/hmx/ws_catkin/src/imu_image/build/CMakeFiles/CMakeTmp/CMakeFiles 1
Building C object CMakeFiles/cmTryCompileExec3071110468.dir/CheckSymbolExists.c.o
/usr/bin/cc    -o CMakeFiles/cmTryCompileExec3071110468.dir/CheckSymbolExists.c.o   -c /home/hmx/ws_catkin/src/imu_image/build/CMakeFiles/CMakeTmp/CheckSymbolExists.c
Linking C executable cmTryCompileExec3071110468
/usr/bin/cmake -E cmake_link_script CMakeFiles/cmTryCompileExec3071110468.dir/link.txt --verbose=1
/usr/bin/cc       CMakeFiles/cmTryCompileExec3071110468.dir/CheckSymbolExists.c.o  -o cmTryCompileExec3071110468 -rdynamic 
CMakeFiles/cmTryCompileExec3071110468.dir/CheckSymbolExists.c.o: In function `main':
CheckSymbolExists.c:(.text+0x16): undefined reference to `pthread_create'
collect2: error: ld returned 1 exit status
make[1]: *** [cmTryCompileExec3071110468] Error 1
make[1]: Leaving directory `/home/hmx/ws_catkin/src/imu_image/build/CMakeFiles/CMakeTmp'
make: *** [cmTryCompileExec3071110468/fast] Error 2

File /home/hmx/ws_catkin/src/imu_image/build/CMakeFiles/CMakeTmp/CheckSymbolExists.c:
/* */
#include <pthread.h>

int main(int argc, char** argv)
{
  (void)argv;
#ifndef pthread_create
  return ((int*)(&pthread_create))[argc];
#else
  (void)argc;
  return 0;
#endif
}

Determining if the function pthread_create exists in the pthreads failed with the following output:
Change Dir: /home/hmx/ws_catkin/src/imu_image/build/CMakeFiles/CMakeTmp

Run Build Command:/usr/bin/make "cmTryCompileExec3980986248/fast"
/usr/bin/make -f CMakeFiles/cmTryCompileExec3980986248.dir/build.make CMakeFiles/cmTryCompileExec3980986248.dir/build
make[1]: Entering directory `/home/hmx/ws_catkin/src/imu_image/build/CMakeFiles/CMakeTmp'
/usr/bin/cmake -E cmake_progress_report /home/hmx/ws_catkin/src/imu_image/build/CMakeFiles/CMakeTmp/CMakeFiles 1
Building C object CMakeFiles/cmTryCompileExec3980986248.dir/CheckFunctionExists.c.o
/usr/bin/cc   -DCHECK_FUNCTION_EXISTS=pthread_create   -o CMakeFiles/cmTryCompileExec3980986248.dir/CheckFunctionExists.c.o   -c /usr/share/cmake-2.8/Modules/CheckFunctionExists.c
Linking C executable cmTryCompileExec3980986248
/usr/bin/cmake -E cmake_link_script CMakeFiles/cmTryCompileExec3980986248.dir/link.txt --verbose=1
/usr/bin/cc   -DCHECK_FUNCTION_EXISTS=pthread_create    CMakeFiles/cmTryCompileExec3980986248.dir/CheckFunctionExists.c.o  -o cmTryCompileExec3980986248 -rdynamic -lpthreads 
make[1]: Leaving directory `/home/hmx/ws_catkin/src/imu_image/build/CMakeFiles/CMakeTmp'
/usr/bin/ld: cannot find -lpthreads
collect2: error: ld returned 1 exit status
make[1]: *** [cmTryCompileExec3980986248] Error 1
make: *** [cmTryCompileExec3980986248/fast] Error 2


